<?xml version="1.0" encoding="UTF-8"?>
<testsuite xmlns:xsi="http://www.w3.org/2001/XMLSchema-instance" xsi:noNamespaceSchemaLocation="https://maven.apache.org/surefire/maven-surefire-plugin/xsd/surefire-test-report.xsd" name="TestSuite" time="87.788" tests="1" errors="0" skipped="0" failures="0">
  <properties>
    <property name="sun.desktop" value="windows"/>
    <property name="awt.toolkit" value="sun.awt.windows.WToolkit"/>
    <property name="file.encoding.pkg" value="sun.io"/>
    <property name="java.specification.version" value="1.8"/>
    <property name="sun.cpu.isalist" value="amd64"/>
    <property name="sun.jnu.encoding" value="Cp1252"/>
    <property name="java.class.path" value="D:\khay\workspace\Automation\target\test-classes;D:\khay\workspace\Automation\target\classes;C:\Users\alek\.m2\repository\org\testng\testng\6.9.8\testng-6.9.8.jar;C:\Users\alek\.m2\repository\org\beanshell\bsh\2.0b4\bsh-2.0b4.jar;C:\Users\alek\.m2\repository\junit\junit\3.8.1\junit-3.8.1.jar;C:\Users\alek\.m2\repository\org\seleniumhq\selenium\selenium-api\2.48.0\selenium-api-2.48.0.jar;C:\Users\alek\.m2\repository\com\google\guava\guava\18.0\guava-18.0.jar;C:\Users\alek\.m2\repository\com\google\code\gson\gson\2.3.1\gson-2.3.1.jar;C:\Users\alek\.m2\repository\org\apache\httpcomponents\httpclient\4.5\httpclient-4.5.jar;C:\Users\alek\.m2\repository\org\apache\httpcomponents\httpcore\4.4.1\httpcore-4.4.1.jar;C:\Users\alek\.m2\repository\commons-logging\commons-logging\1.2\commons-logging-1.2.jar;C:\Users\alek\.m2\repository\io\appium\java-client\3.1.0\java-client-3.1.0.jar;C:\Users\alek\.m2\repository\org\seleniumhq\selenium\selenium-java\2.46.0\selenium-java-2.46.0.jar;C:\Users\alek\.m2\repository\org\seleniumhq\selenium\selenium-chrome-driver\2.46.0\selenium-chrome-driver-2.46.0.jar;C:\Users\alek\.m2\repository\org\seleniumhq\selenium\selenium-remote-driver\2.46.0\selenium-remote-driver-2.46.0.jar;C:\Users\alek\.m2\repository\cglib\cglib-nodep\2.1_3\cglib-nodep-2.1_3.jar;C:\Users\alek\.m2\repository\org\seleniumhq\selenium\selenium-htmlunit-driver\2.46.0\selenium-htmlunit-driver-2.46.0.jar;C:\Users\alek\.m2\repository\net\sourceforge\htmlunit\htmlunit\2.17\htmlunit-2.17.jar;C:\Users\alek\.m2\repository\xalan\xalan\2.7.2\xalan-2.7.2.jar;C:\Users\alek\.m2\repository\xalan\serializer\2.7.2\serializer-2.7.2.jar;C:\Users\alek\.m2\repository\commons-collections\commons-collections\3.2.1\commons-collections-3.2.1.jar;C:\Users\alek\.m2\repository\org\apache\httpcomponents\httpmime\4.4.1\httpmime-4.4.1.jar;C:\Users\alek\.m2\repository\net\sourceforge\htmlunit\htmlunit-core-js\2.17\htmlunit-core-js-2.17.jar;C:\Users\alek\.m2\repository\xerces\xercesImpl\2.11.0\xercesImpl-2.11.0.jar;C:\Users\alek\.m2\repository\xml-apis\xml-apis\1.4.01\xml-apis-1.4.01.jar;C:\Users\alek\.m2\repository\net\sourceforge\nekohtml\nekohtml\1.9.22\nekohtml-1.9.22.jar;C:\Users\alek\.m2\repository\net\sourceforge\cssparser\cssparser\0.9.16\cssparser-0.9.16.jar;C:\Users\alek\.m2\repository\org\w3c\css\sac\1.3\sac-1.3.jar;C:\Users\alek\.m2\repository\org\eclipse\jetty\websocket\websocket-client\9.2.11.v20150529\websocket-client-9.2.11.v20150529.jar;C:\Users\alek\.m2\repository\org\eclipse\jetty\jetty-util\9.2.11.v20150529\jetty-util-9.2.11.v20150529.jar;C:\Users\alek\.m2\repository\org\eclipse\jetty\jetty-io\9.2.11.v20150529\jetty-io-9.2.11.v20150529.jar;C:\Users\alek\.m2\repository\org\eclipse\jetty\websocket\websocket-common\9.2.11.v20150529\websocket-common-9.2.11.v20150529.jar;C:\Users\alek\.m2\repository\org\eclipse\jetty\websocket\websocket-api\9.2.11.v20150529\websocket-api-9.2.11.v20150529.jar;C:\Users\alek\.m2\repository\org\seleniumhq\selenium\selenium-firefox-driver\2.46.0\selenium-firefox-driver-2.46.0.jar;C:\Users\alek\.m2\repository\org\seleniumhq\selenium\selenium-ie-driver\2.46.0\selenium-ie-driver-2.46.0.jar;C:\Users\alek\.m2\repository\net\java\dev\jna\jna\4.1.0\jna-4.1.0.jar;C:\Users\alek\.m2\repository\net\java\dev\jna\jna-platform\4.1.0\jna-platform-4.1.0.jar;C:\Users\alek\.m2\repository\org\seleniumhq\selenium\selenium-safari-driver\2.46.0\selenium-safari-driver-2.46.0.jar;C:\Users\alek\.m2\repository\org\seleniumhq\selenium\selenium-support\2.46.0\selenium-support-2.46.0.jar;C:\Users\alek\.m2\repository\org\webbitserver\webbit\0.4.14\webbit-0.4.14.jar;C:\Users\alek\.m2\repository\io\netty\netty\3.5.2.Final\netty-3.5.2.Final.jar;C:\Users\alek\.m2\repository\org\seleniumhq\selenium\selenium-leg-rc\2.46.0\selenium-leg-rc-2.46.0.jar;C:\Users\alek\.m2\repository\cglib\cglib\3.1\cglib-3.1.jar;C:\Users\alek\.m2\repository\org\ow2\asm\asm\4.2\asm-4.2.jar;C:\Users\alek\.m2\repository\com\github\genium-framework\Appium-Support\1.0.4\Appium-Support-1.0.4.jar;C:\Users\alek\.m2\repository\org\apache\commons\commons-exec\1.3\commons-exec-1.3.jar;C:\Users\alek\.m2\repository\commons-io\commons-io\2.4\commons-io-2.4.jar;C:\Users\alek\.m2\repository\org\apache\poi\poi\3.13\poi-3.13.jar;C:\Users\alek\.m2\repository\commons-codec\commons-codec\1.9\commons-codec-1.9.jar;C:\Users\alek\.m2\repository\org\apache\poi\poi-ooxml\3.13\poi-ooxml-3.13.jar;C:\Users\alek\.m2\repository\org\apache\poi\poi-ooxml-schemas\3.13\poi-ooxml-schemas-3.13.jar;C:\Users\alek\.m2\repository\org\apache\xmlbeans\xmlbeans\2.6.0\xmlbeans-2.6.0.jar;C:\Users\alek\.m2\repository\stax\stax-api\1.0.1\stax-api-1.0.1.jar;C:\Users\alek\.m2\repository\com\beust\jcommander\1.27\jcommander-1.27.jar;C:\Users\alek\.m2\repository\io\qameta\allure\allure-testng\2.0-BETA19\allure-testng-2.0-BETA19.jar;C:\Users\alek\.m2\repository\io\qameta\allure\allure-descriptions-javadoc\2.0-BETA19\allure-descriptions-javadoc-2.0-BETA19.jar;C:\Users\alek\.m2\repository\io\qameta\allure\allure-java-commons\2.0-BETA19\allure-java-commons-2.0-BETA19.jar;C:\Users\alek\.m2\repository\io\qameta\allure\allure2-model-api\1.0-BETA6\allure2-model-api-1.0-BETA6.jar;C:\Users\alek\.m2\repository\io\qameta\allure\allure2-model-pojo\1.0-BETA6\allure2-model-pojo-1.0-BETA6.jar;C:\Users\alek\.m2\repository\org\apache\tika\tika-core\1.14\tika-core-1.14.jar;C:\Users\alek\.m2\repository\io\qameta\allure\allure2-model-jackson\1.0-BETA6\allure2-model-jackson-1.0-BETA6.jar;C:\Users\alek\.m2\repository\com\fasterxml\jackson\core\jackson-databind\2.7.0\jackson-databind-2.7.0.jar;C:\Users\alek\.m2\repository\com\fasterxml\jackson\core\jackson-annotations\2.7.0\jackson-annotations-2.7.0.jar;C:\Users\alek\.m2\repository\com\fasterxml\jackson\core\jackson-core\2.7.0\jackson-core-2.7.0.jar;C:\Users\alek\.m2\repository\com\fasterxml\jackson\module\jackson-module-jaxb-annotations\2.7.0\jackson-module-jaxb-annotations-2.7.0.jar;C:\Users\alek\.m2\repository\org\apache\commons\commons-lang3\3.5\commons-lang3-3.5.jar;C:\Users\alek\.m2\repository\org\aspectj\aspectjrt\1.8.10\aspectjrt-1.8.10.jar;C:\Users\alek\.m2\repository\org\jooq\joor\0.9.6\joor-0.9.6.jar;C:\Users\alek\.m2\repository\org\slf4j\slf4j-log4j12\1.5.6\slf4j-log4j12-1.5.6.jar;C:\Users\alek\.m2\repository\org\slf4j\slf4j-api\1.5.6\slf4j-api-1.5.6.jar;C:\Users\alek\.m2\repository\log4j\log4j\1.2.17\log4j-1.2.17.jar;C:\Users\alek\.m2\repository\org\apache\maven\surefire\surefire-testng-utils\2.21.0\surefire-testng-utils-2.21.0.jar;C:\Users\alek\.m2\repository\org\apache\maven\surefire\surefire-grouper\2.21.0\surefire-grouper-2.21.0.jar;"/>
    <property name="java.vm.vendor" value="Oracle Corporation"/>
    <property name="sun.arch.data.model" value="64"/>
    <property name="user.variant" value=""/>
    <property name="java.vendor.url" value="http://java.oracle.com/"/>
    <property name="user.timezone" value=""/>
    <property name="java.vm.specification.version" value="1.8"/>
    <property name="os.name" value="Windows 7"/>
    <property name="user.country" value="US"/>
    <property name="sun.java.launcher" value="SUN_STANDARD"/>
    <property name="allure.link.issue.pattern" value="https://example.org/issue/{}"/>
    <property name="sun.boot.library.path" value="C:\Program Files\Java\jdk1.8.0_162\jre\bin"/>
    <property name="sun.java.command" value="C:\Users\alek\AppData\Local\Temp\surefire816769835340023267\surefirebooter2508846946378250123.jar C:\Users\alek\AppData\Local\Temp\surefire816769835340023267 2018-04-12T23-10-42_614-jvmRun1 surefire3507506808589093728tmp surefire_02920789055159841594tmp"/>
    <property name="surefire.test.class.path" value="D:\khay\workspace\Automation\target\test-classes;D:\khay\workspace\Automation\target\classes;C:\Users\alek\.m2\repository\org\testng\testng\6.9.8\testng-6.9.8.jar;C:\Users\alek\.m2\repository\org\beanshell\bsh\2.0b4\bsh-2.0b4.jar;C:\Users\alek\.m2\repository\junit\junit\3.8.1\junit-3.8.1.jar;C:\Users\alek\.m2\repository\org\seleniumhq\selenium\selenium-api\2.48.0\selenium-api-2.48.0.jar;C:\Users\alek\.m2\repository\com\google\guava\guava\18.0\guava-18.0.jar;C:\Users\alek\.m2\repository\com\google\code\gson\gson\2.3.1\gson-2.3.1.jar;C:\Users\alek\.m2\repository\org\apache\httpcomponents\httpclient\4.5\httpclient-4.5.jar;C:\Users\alek\.m2\repository\org\apache\httpcomponents\httpcore\4.4.1\httpcore-4.4.1.jar;C:\Users\alek\.m2\repository\commons-logging\commons-logging\1.2\commons-logging-1.2.jar;C:\Users\alek\.m2\repository\io\appium\java-client\3.1.0\java-client-3.1.0.jar;C:\Users\alek\.m2\repository\org\seleniumhq\selenium\selenium-java\2.46.0\selenium-java-2.46.0.jar;C:\Users\alek\.m2\repository\org\seleniumhq\selenium\selenium-chrome-driver\2.46.0\selenium-chrome-driver-2.46.0.jar;C:\Users\alek\.m2\repository\org\seleniumhq\selenium\selenium-remote-driver\2.46.0\selenium-remote-driver-2.46.0.jar;C:\Users\alek\.m2\repository\cglib\cglib-nodep\2.1_3\cglib-nodep-2.1_3.jar;C:\Users\alek\.m2\repository\org\seleniumhq\selenium\selenium-htmlunit-driver\2.46.0\selenium-htmlunit-driver-2.46.0.jar;C:\Users\alek\.m2\repository\net\sourceforge\htmlunit\htmlunit\2.17\htmlunit-2.17.jar;C:\Users\alek\.m2\repository\xalan\xalan\2.7.2\xalan-2.7.2.jar;C:\Users\alek\.m2\repository\xalan\serializer\2.7.2\serializer-2.7.2.jar;C:\Users\alek\.m2\repository\commons-collections\commons-collections\3.2.1\commons-collections-3.2.1.jar;C:\Users\alek\.m2\repository\org\apache\httpcomponents\httpmime\4.4.1\httpmime-4.4.1.jar;C:\Users\alek\.m2\repository\net\sourceforge\htmlunit\htmlunit-core-js\2.17\htmlunit-core-js-2.17.jar;C:\Users\alek\.m2\repository\xerces\xercesImpl\2.11.0\xercesImpl-2.11.0.jar;C:\Users\alek\.m2\repository\xml-apis\xml-apis\1.4.01\xml-apis-1.4.01.jar;C:\Users\alek\.m2\repository\net\sourceforge\nekohtml\nekohtml\1.9.22\nekohtml-1.9.22.jar;C:\Users\alek\.m2\repository\net\sourceforge\cssparser\cssparser\0.9.16\cssparser-0.9.16.jar;C:\Users\alek\.m2\repository\org\w3c\css\sac\1.3\sac-1.3.jar;C:\Users\alek\.m2\repository\org\eclipse\jetty\websocket\websocket-client\9.2.11.v20150529\websocket-client-9.2.11.v20150529.jar;C:\Users\alek\.m2\repository\org\eclipse\jetty\jetty-util\9.2.11.v20150529\jetty-util-9.2.11.v20150529.jar;C:\Users\alek\.m2\repository\org\eclipse\jetty\jetty-io\9.2.11.v20150529\jetty-io-9.2.11.v20150529.jar;C:\Users\alek\.m2\repository\org\eclipse\jetty\websocket\websocket-common\9.2.11.v20150529\websocket-common-9.2.11.v20150529.jar;C:\Users\alek\.m2\repository\org\eclipse\jetty\websocket\websocket-api\9.2.11.v20150529\websocket-api-9.2.11.v20150529.jar;C:\Users\alek\.m2\repository\org\seleniumhq\selenium\selenium-firefox-driver\2.46.0\selenium-firefox-driver-2.46.0.jar;C:\Users\alek\.m2\repository\org\seleniumhq\selenium\selenium-ie-driver\2.46.0\selenium-ie-driver-2.46.0.jar;C:\Users\alek\.m2\repository\net\java\dev\jna\jna\4.1.0\jna-4.1.0.jar;C:\Users\alek\.m2\repository\net\java\dev\jna\jna-platform\4.1.0\jna-platform-4.1.0.jar;C:\Users\alek\.m2\repository\org\seleniumhq\selenium\selenium-safari-driver\2.46.0\selenium-safari-driver-2.46.0.jar;C:\Users\alek\.m2\repository\org\seleniumhq\selenium\selenium-support\2.46.0\selenium-support-2.46.0.jar;C:\Users\alek\.m2\repository\org\webbitserver\webbit\0.4.14\webbit-0.4.14.jar;C:\Users\alek\.m2\repository\io\netty\netty\3.5.2.Final\netty-3.5.2.Final.jar;C:\Users\alek\.m2\repository\org\seleniumhq\selenium\selenium-leg-rc\2.46.0\selenium-leg-rc-2.46.0.jar;C:\Users\alek\.m2\repository\cglib\cglib\3.1\cglib-3.1.jar;C:\Users\alek\.m2\repository\org\ow2\asm\asm\4.2\asm-4.2.jar;C:\Users\alek\.m2\repository\com\github\genium-framework\Appium-Support\1.0.4\Appium-Support-1.0.4.jar;C:\Users\alek\.m2\repository\org\apache\commons\commons-exec\1.3\commons-exec-1.3.jar;C:\Users\alek\.m2\repository\commons-io\commons-io\2.4\commons-io-2.4.jar;C:\Users\alek\.m2\repository\org\apache\poi\poi\3.13\poi-3.13.jar;C:\Users\alek\.m2\repository\commons-codec\commons-codec\1.9\commons-codec-1.9.jar;C:\Users\alek\.m2\repository\org\apache\poi\poi-ooxml\3.13\poi-ooxml-3.13.jar;C:\Users\alek\.m2\repository\org\apache\poi\poi-ooxml-schemas\3.13\poi-ooxml-schemas-3.13.jar;C:\Users\alek\.m2\repository\org\apache\xmlbeans\xmlbeans\2.6.0\xmlbeans-2.6.0.jar;C:\Users\alek\.m2\repository\stax\stax-api\1.0.1\stax-api-1.0.1.jar;C:\Users\alek\.m2\repository\com\beust\jcommander\1.27\jcommander-1.27.jar;C:\Users\alek\.m2\repository\io\qameta\allure\allure-testng\2.0-BETA19\allure-testng-2.0-BETA19.jar;C:\Users\alek\.m2\repository\io\qameta\allure\allure-descriptions-javadoc\2.0-BETA19\allure-descriptions-javadoc-2.0-BETA19.jar;C:\Users\alek\.m2\repository\io\qameta\allure\allure-java-commons\2.0-BETA19\allure-java-commons-2.0-BETA19.jar;C:\Users\alek\.m2\repository\io\qameta\allure\allure2-model-api\1.0-BETA6\allure2-model-api-1.0-BETA6.jar;C:\Users\alek\.m2\repository\io\qameta\allure\allure2-model-pojo\1.0-BETA6\allure2-model-pojo-1.0-BETA6.jar;C:\Users\alek\.m2\repository\org\apache\tika\tika-core\1.14\tika-core-1.14.jar;C:\Users\alek\.m2\repository\io\qameta\allure\allure2-model-jackson\1.0-BETA6\allure2-model-jackson-1.0-BETA6.jar;C:\Users\alek\.m2\repository\com\fasterxml\jackson\core\jackson-databind\2.7.0\jackson-databind-2.7.0.jar;C:\Users\alek\.m2\repository\com\fasterxml\jackson\core\jackson-annotations\2.7.0\jackson-annotations-2.7.0.jar;C:\Users\alek\.m2\repository\com\fasterxml\jackson\core\jackson-core\2.7.0\jackson-core-2.7.0.jar;C:\Users\alek\.m2\repository\com\fasterxml\jackson\module\jackson-module-jaxb-annotations\2.7.0\jackson-module-jaxb-annotations-2.7.0.jar;C:\Users\alek\.m2\repository\org\apache\commons\commons-lang3\3.5\commons-lang3-3.5.jar;C:\Users\alek\.m2\repository\org\aspectj\aspectjrt\1.8.10\aspectjrt-1.8.10.jar;C:\Users\alek\.m2\repository\org\jooq\joor\0.9.6\joor-0.9.6.jar;C:\Users\alek\.m2\repository\org\slf4j\slf4j-log4j12\1.5.6\slf4j-log4j12-1.5.6.jar;C:\Users\alek\.m2\repository\org\slf4j\slf4j-api\1.5.6\slf4j-api-1.5.6.jar;C:\Users\alek\.m2\repository\log4j\log4j\1.2.17\log4j-1.2.17.jar;C:\Users\alek\.m2\repository\org\apache\maven\surefire\surefire-testng-utils\2.21.0\surefire-testng-utils-2.21.0.jar;C:\Users\alek\.m2\repository\org\apache\maven\surefire\surefire-grouper\2.21.0\surefire-grouper-2.21.0.jar;"/>
    <property name="sun.cpu.endian" value="little"/>
    <property name="allure.results.directory" value="D:\khay\workspace\Automation\target/allure-results"/>
    <property name="user.home" value="C:\Users\alek"/>
    <property name="user.language" value="en"/>
    <property name="java.specification.vendor" value="Oracle Corporation"/>
    <property name="java.home" value="C:\Program Files\Java\jdk1.8.0_162\jre"/>
    <property name="basedir" value="D:\khay\workspace\Automation"/>
    <property name="file.separator" value="\"/>
    <property name="line.separator" value="&#10;"/>
    <property name="java.vm.specification.vendor" value="Oracle Corporation"/>
    <property name="java.specification.name" value="Java Platform API Specification"/>
    <property name="java.awt.graphicsenv" value="sun.awt.Win32GraphicsEnvironment"/>
    <property name="surefire.real.class.path" value="C:\Users\alek\AppData\Local\Temp\surefire816769835340023267\surefirebooter2508846946378250123.jar;C:\Users\alek\.m2\repository/org/aspectj/aspectjweaver/1.8.10/aspectjweaver-1.8.10.jar"/>
    <property name="sun.boot.class.path" value="C:\Program Files\Java\jdk1.8.0_162\jre\lib\resources.jar;C:\Program Files\Java\jdk1.8.0_162\jre\lib\rt.jar;C:\Program Files\Java\jdk1.8.0_162\jre\lib\sunrsasign.jar;C:\Program Files\Java\jdk1.8.0_162\jre\lib\jsse.jar;C:\Program Files\Java\jdk1.8.0_162\jre\lib\jce.jar;C:\Program Files\Java\jdk1.8.0_162\jre\lib\charsets.jar;C:\Program Files\Java\jdk1.8.0_162\jre\lib\jfr.jar;C:\Program Files\Java\jdk1.8.0_162\jre\classes"/>
    <property name="user.script" value=""/>
    <property name="sun.management.compiler" value="HotSpot 64-Bit Tiered Compilers"/>
    <property name="java.runtime.version" value="1.8.0_162-b12"/>
    <property name="user.name" value="alek"/>
    <property name="path.separator" value=";"/>
    <property name="os.version" value="6.1"/>
    <property name="java.endorsed.dirs" value="C:\Program Files\Java\jdk1.8.0_162\jre\lib\endorsed"/>
    <property name="java.runtime.name" value="Java(TM) SE Runtime Environment"/>
    <property name="file.encoding" value="Cp1252"/>
    <property name="java.vm.name" value="Java HotSpot(TM) 64-Bit Server VM"/>
    <property name="localRepository" value="C:\Users\alek\.m2\repository"/>
    <property name="java.vendor.url.bug" value="http://bugreport.sun.com/bugreport/"/>
    <property name="java.io.tmpdir" value="C:\Users\alek\AppData\Local\Temp\"/>
    <property name="java.version" value="1.8.0_162"/>
    <property name="user.dir" value="D:\khay\workspace\Automation"/>
    <property name="os.arch" value="amd64"/>
    <property name="java.vm.specification.name" value="Java Virtual Machine Specification"/>
    <property name="java.awt.printerjob" value="sun.awt.windows.WPrinterJob"/>
    <property name="sun.os.patch.level" value=""/>
    <property name="java.library.path" value="C:\Program Files\Java\jdk1.8.0_162\jre\bin;C:\Windows\Sun\Java\bin;C:\Windows\system32;C:\Windows;C:/Program Files/Java/jre1.8.0_162/bin/server;C:/Program Files/Java/jre1.8.0_162/bin;C:/Program Files/Java/jre1.8.0_162/lib/amd64;C:\ProgramData\Oracle\Java\javapath;C:\Python27\;C:\Python27\Scripts;C:\Windows\system32;C:\Windows;C:\Windows\System32\Wbem;C:\Windows\System32\WindowsPowerShell\v1.0\;C:\Program Files\nodejs\;C:\Program Files (x86)\nodejs\;D:\apache-maven-3.5.3\bin\;C:\Program Files (x86)\Android\adt-bundle-windows-x86_64-20140702\sdk\tools;C:\Program Files (x86)\Android\adt-bundle-windows-x86_64-20140702\sdk\platform-tools;C:\Program Files\Java\jdk1.8.0_162\bin;D:\allure-2.6.0\bin;C:\Users\alek\AppData\Roaming\npm;C:\Program Files (x86)\Java\jre7\bin;D:\eclipse;;."/>
    <property name="java.vm.info" value="mixed mode"/>
    <property name="java.vendor" value="Oracle Corporation"/>
    <property name="java.vm.version" value="25.162-b12"/>
    <property name="java.ext.dirs" value="C:\Program Files\Java\jdk1.8.0_162\jre\lib\ext;C:\Windows\Sun\Java\lib\ext"/>
    <property name="sun.io.unicode.encoding" value="UnicodeLittle"/>
    <property name="java.class.version" value="52.0"/>
  </properties>
  <testcase name="login" classname="Automation.Automation.AppTest" time="42.336"/>
</testsuite>