<?xml version="1.0" encoding="UTF-8"?>
<!-- Generated by org.testng.reporters.JUnitReportReporter -->
<testsuite hostname="alek-PC" name="automation.AppTest" tests="2" failures="0" timestamp="10 Apr 2018 16:47:54 GMT" time="31.772" errors="0">
  <testcase name="login" time="17.533" classname="automation.AppTest"/>
  <testcase name="f" time="14.239" classname="automation.AppTest"/>
</testsuite> <!-- automation.AppTest -->
