<?xml version="1.0" encoding="UTF-8"?>
<!-- Generated by org.testng.reporters.JUnitReportReporter -->
<testsuite hostname="alek-PC" name="Automation.Automation.AppTest" tests="1" failures="0" timestamp="12 Apr 2018 09:50:35 GMT" time="62.976" errors="0">
  <testcase name="login" time="62.976" classname="Automation.Automation.AppTest"/>
</testsuite> <!-- Automation.Automation.AppTest -->
