<?xml version="1.0" encoding="UTF-8"?>
<!-- Generated by org.testng.reporters.JUnitReportReporter -->
<testsuite hostname="alek-PC" name="Automation.Automation.AppiumDriverBase" tests="1" failures="0" timestamp="10 Apr 2018 19:39:14 GMT" time="14.441" errors="0">
  <testcase name="f" time="14.441" classname="Automation.Automation.AppiumDriverBase"/>
</testsuite> <!-- Automation.Automation.AppiumDriverBase -->
