<?xml version="1.0" encoding="UTF-8"?>
<!-- Generated by org.testng.reporters.JUnitReportReporter -->
<testsuite hostname="alek-PC" name="Automation.Automation.AppTest" tests="1" failures="0" timestamp="12 Apr 2018 16:12:15 GMT" time="81.974" errors="0">
  <testcase name="login" time="81.974" classname="Automation.Automation.AppTest"/>
</testsuite> <!-- Automation.Automation.AppTest -->
